{"/home/rett/projects/env-proxy/src/env-proxy.ts": {"path":"/home/rett/projects/env-proxy/src/env-proxy.ts","statementMap":{"0":{"start":{"line":3,"column":2},"end":{"line":3,"column":64}},"1":{"start":{"line":4,"column":2},"end":{"line":4,"column":62}},"2":{"start":{"line":1,"column":0},"end":{"line":1,"column":13}},"3":{"start":{"line":8,"column":15},"end":{"line":14,"column":40}},"4":{"start":{"line":10,"column":12},"end":{"line":10,"column":19}},"5":{"start":{"line":11,"column":2},"end":{"line":12,"column":16}},"6":{"start":{"line":11,"column":10},"end":{"line":11,"column":27}},"7":{"start":{"line":12,"column":7},"end":{"line":12,"column":16}},"8":{"start":{"line":16,"column":12},"end":{"line":28,"column":40}},"9":{"start":{"line":18,"column":12},"end":{"line":18,"column":19}},"10":{"start":{"line":20,"column":2},"end":{"line":20,"column":40}},"11":{"start":{"line":20,"column":23},"end":{"line":20,"column":40}},"12":{"start":{"line":22,"column":17},"end":{"line":22,"column":28}},"13":{"start":{"line":24,"column":2},"end":{"line":24,"column":72}},"14":{"start":{"line":24,"column":21},"end":{"line":24,"column":72}},"15":{"start":{"line":26,"column":2},"end":{"line":26,"column":16}},"16":{"start":{"line":30,"column":13},"end":{"line":40,"column":41}},"17":{"start":{"line":32,"column":12},"end":{"line":32,"column":19}},"18":{"start":{"line":34,"column":2},"end":{"line":38,"column":24}},"19":{"start":{"line":34,"column":23},"end":{"line":34,"column":32}},"20":{"start":{"line":35,"column":7},"end":{"line":38,"column":24}},"21":{"start":{"line":35,"column":59},"end":{"line":35,"column":71}},"22":{"start":{"line":36,"column":7},"end":{"line":38,"column":24}},"23":{"start":{"line":36,"column":60},"end":{"line":36,"column":73}},"24":{"start":{"line":37,"column":7},"end":{"line":38,"column":24}},"25":{"start":{"line":37,"column":14},"end":{"line":37,"column":64}},"26":{"start":{"line":38,"column":7},"end":{"line":38,"column":24}},"27":{"start":{"line":42,"column":23},"end":{"line":48,"column":28}},"28":{"start":{"line":44,"column":14},"end":{"line":44,"column":21}},"29":{"start":{"line":45,"column":2},"end":{"line":46,"column":18}},"30":{"start":{"line":45,"column":12},"end":{"line":45,"column":60}},"31":{"start":{"line":46,"column":7},"end":{"line":46,"column":18}},"32":{"start":{"line":50,"column":20},"end":{"line":56,"column":28}},"33":{"start":{"line":52,"column":14},"end":{"line":52,"column":21}},"34":{"start":{"line":53,"column":2},"end":{"line":54,"column":18}},"35":{"start":{"line":53,"column":25},"end":{"line":53,"column":73}},"36":{"start":{"line":54,"column":7},"end":{"line":54,"column":18}},"37":{"start":{"line":58,"column":21},"end":{"line":64,"column":29}},"38":{"start":{"line":60,"column":14},"end":{"line":60,"column":21}},"39":{"start":{"line":61,"column":2},"end":{"line":62,"column":18}},"40":{"start":{"line":61,"column":25},"end":{"line":61,"column":73}},"41":{"start":{"line":62,"column":7},"end":{"line":62,"column":18}},"42":{"start":{"line":66,"column":17},"end":{"line":70,"column":2}},"43":{"start":{"line":72,"column":0},"end":{"line":72,"column":47}}},"fnMap":{"0":{"name":"(anonymous_0)","decl":{"start":{"line":2,"column":1},"end":{"line":2,"column":13}},"loc":{"start":{"line":2,"column":39},"end":{"line":5,"column":2}}},"1":{"name":"(anonymous_1)","decl":{"start":{"line":9,"column":1},"end":{"line":9,"column":4}},"loc":{"start":{"line":9,"column":20},"end":{"line":13,"column":2}}},"2":{"name":"(anonymous_2)","decl":{"start":{"line":17,"column":1},"end":{"line":17,"column":4}},"loc":{"start":{"line":17,"column":20},"end":{"line":27,"column":2}}},"3":{"name":"(anonymous_3)","decl":{"start":{"line":31,"column":1},"end":{"line":31,"column":4}},"loc":{"start":{"line":31,"column":20},"end":{"line":39,"column":2}}},"4":{"name":"(anonymous_4)","decl":{"start":{"line":43,"column":1},"end":{"line":43,"column":4}},"loc":{"start":{"line":43,"column":20},"end":{"line":47,"column":2}}},"5":{"name":"(anonymous_5)","decl":{"start":{"line":51,"column":1},"end":{"line":51,"column":4}},"loc":{"start":{"line":51,"column":20},"end":{"line":55,"column":2}}},"6":{"name":"(anonymous_6)","decl":{"start":{"line":59,"column":1},"end":{"line":59,"column":4}},"loc":{"start":{"line":59,"column":20},"end":{"line":63,"column":2}}}},"branchMap":{"0":{"loc":{"start":{"line":11,"column":2},"end":{"line":12,"column":16}},"type":"if","locations":[{"start":{"line":11,"column":2},"end":{"line":12,"column":16}},{"start":{"line":11,"column":2},"end":{"line":12,"column":16}}]},"1":{"loc":{"start":{"line":20,"column":2},"end":{"line":20,"column":40}},"type":"if","locations":[{"start":{"line":20,"column":2},"end":{"line":20,"column":40}},{"start":{"line":20,"column":2},"end":{"line":20,"column":40}}]},"2":{"loc":{"start":{"line":24,"column":2},"end":{"line":24,"column":72}},"type":"if","locations":[{"start":{"line":24,"column":2},"end":{"line":24,"column":72}},{"start":{"line":24,"column":2},"end":{"line":24,"column":72}}]},"3":{"loc":{"start":{"line":34,"column":2},"end":{"line":38,"column":24}},"type":"if","locations":[{"start":{"line":34,"column":2},"end":{"line":38,"column":24}},{"start":{"line":34,"column":2},"end":{"line":38,"column":24}}]},"4":{"loc":{"start":{"line":35,"column":7},"end":{"line":38,"column":24}},"type":"if","locations":[{"start":{"line":35,"column":7},"end":{"line":38,"column":24}},{"start":{"line":35,"column":7},"end":{"line":38,"column":24}}]},"5":{"loc":{"start":{"line":36,"column":7},"end":{"line":38,"column":24}},"type":"if","locations":[{"start":{"line":36,"column":7},"end":{"line":38,"column":24}},{"start":{"line":36,"column":7},"end":{"line":38,"column":24}}]},"6":{"loc":{"start":{"line":37,"column":7},"end":{"line":38,"column":24}},"type":"if","locations":[{"start":{"line":37,"column":7},"end":{"line":38,"column":24}},{"start":{"line":37,"column":7},"end":{"line":38,"column":24}}]},"7":{"loc":{"start":{"line":45,"column":2},"end":{"line":46,"column":18}},"type":"if","locations":[{"start":{"line":45,"column":2},"end":{"line":46,"column":18}},{"start":{"line":45,"column":2},"end":{"line":46,"column":18}}]},"8":{"loc":{"start":{"line":53,"column":2},"end":{"line":54,"column":18}},"type":"if","locations":[{"start":{"line":53,"column":2},"end":{"line":54,"column":18}},{"start":{"line":53,"column":2},"end":{"line":54,"column":18}}]},"9":{"loc":{"start":{"line":61,"column":2},"end":{"line":62,"column":18}},"type":"if","locations":[{"start":{"line":61,"column":2},"end":{"line":62,"column":18}},{"start":{"line":61,"column":2},"end":{"line":62,"column":18}}]}},"s":{"0":6,"1":6,"2":1,"3":1,"4":4,"5":4,"6":2,"7":2,"8":1,"9":7,"10":7,"11":2,"12":5,"13":5,"14":1,"15":4,"16":1,"17":9,"18":9,"19":2,"20":7,"21":3,"22":4,"23":2,"24":2,"25":1,"26":1,"27":1,"28":2,"29":2,"30":1,"31":1,"32":1,"33":3,"34":3,"35":1,"36":2,"37":1,"38":2,"39":2,"40":1,"41":1,"42":1,"43":1},"f":{"0":6,"1":4,"2":7,"3":9,"4":2,"5":3,"6":2},"b":{"0":[2,2],"1":[2,5],"2":[1,4],"3":[2,7],"4":[3,4],"5":[2,2],"6":[1,1],"7":[1,1],"8":[1,2],"9":[1,1]}}
}
