TN:
SF:src/env-proxy.ts
FN:2,(anonymous_0)
FN:9,(anonymous_1)
FN:17,(anonymous_2)
FN:31,(anonymous_3)
FN:43,(anonymous_4)
FN:51,(anonymous_5)
FN:59,(anonymous_6)
FNF:7
FNH:7
FNDA:6,(anonymous_0)
FNDA:4,(anonymous_1)
FNDA:7,(anonymous_2)
FNDA:9,(anonymous_3)
FNDA:2,(anonymous_4)
FNDA:3,(anonymous_5)
FNDA:2,(anonymous_6)
DA:1,1
DA:3,6
DA:4,6
DA:8,1
DA:10,4
DA:11,4
DA:12,2
DA:16,1
DA:18,7
DA:20,7
DA:22,5
DA:24,5
DA:26,4
DA:30,1
DA:32,9
DA:34,9
DA:35,7
DA:36,4
DA:37,2
DA:38,1
DA:42,1
DA:44,2
DA:45,2
DA:46,1
DA:50,1
DA:52,3
DA:53,3
DA:54,2
DA:58,1
DA:60,2
DA:61,2
DA:62,1
DA:66,1
DA:72,1
LF:34
LH:34
BRDA:11,0,0,2
BRDA:11,0,1,2
BRDA:20,1,0,2
BRDA:20,1,1,5
BRDA:24,2,0,1
BRDA:24,2,1,4
BRDA:34,3,0,2
BRDA:34,3,1,7
BRDA:35,4,0,3
BRDA:35,4,1,4
BRDA:36,5,0,2
BRDA:36,5,1,2
BRDA:37,6,0,1
BRDA:37,6,1,1
BRDA:45,7,0,1
BRDA:45,7,1,1
BRDA:53,8,0,1
BRDA:53,8,1,2
BRDA:61,9,0,1
BRDA:61,9,1,1
BRF:20
BRH:20
end_of_record
