TN:
SF:src/env-proxy.ts
FN:2,(anonymous_0)
FN:15,(anonymous_1)
FN:23,(anonymous_2)
FN:37,(anonymous_3)
FN:49,(anonymous_4)
FN:57,(anonymous_5)
FN:65,(anonymous_6)
FNF:7
FNH:7
FNDA:6,(anonymous_0)
FNDA:4,(anonymous_1)
FNDA:7,(anonymous_2)
FNDA:9,(anonymous_3)
FNDA:2,(anonymous_4)
FNDA:3,(anonymous_5)
FNDA:2,(anonymous_6)
DA:1,1
DA:3,6
DA:4,6
DA:14,1
DA:16,4
DA:17,4
DA:18,2
DA:22,1
DA:24,7
DA:26,7
DA:28,5
DA:30,5
DA:32,4
DA:36,1
DA:38,9
DA:40,9
DA:41,7
DA:42,4
DA:43,2
DA:44,1
DA:48,1
DA:50,2
DA:51,2
DA:52,1
DA:56,1
DA:58,3
DA:59,3
DA:60,2
DA:64,1
DA:66,2
DA:67,2
DA:68,1
DA:72,1
DA:78,1
LF:34
LH:34
BRDA:17,0,0,2
BRDA:17,0,1,2
BRDA:26,1,0,2
BRDA:26,1,1,5
BRDA:30,2,0,1
BRDA:30,2,1,4
BRDA:40,3,0,2
BRDA:40,3,1,7
BRDA:41,4,0,3
BRDA:41,4,1,4
BRDA:42,5,0,2
BRDA:42,5,1,2
BRDA:43,6,0,1
BRDA:43,6,1,1
BRDA:51,7,0,1
BRDA:51,7,1,1
BRDA:59,8,0,1
BRDA:59,8,1,2
BRDA:67,9,0,1
BRDA:67,9,1,1
BRF:20
BRH:20
end_of_record
